#
# There is insufficient memory for the Java Runtime Environment to continue.
# Native memory allocation (malloc) failed to allocate 1947584 bytes for Chunk::new
# Possible reasons:
#   The system is out of physical RAM or swap space
#   In 32 bit mode, the process size limit was hit
# Possible solutions:
#   Reduce memory load on the system
#   Increase physical memory or swap space
#   Check if swap backing store is full
#   Use 64 bit Java on a 64 bit OS
#   Decrease Java heap size (-Xmx/-Xms)
#   Decrease number of Java threads
#   Decrease Java thread stack sizes (-Xss)
#   Set larger code cache with -XX:ReservedCodeCacheSize=
# This output file may be truncated or incomplete.
#
#  Out of Memory Error (allocation.cpp:390), pid=6480, tid=0x0000000000002948
#
# JRE version: Java(TM) SE Runtime Environment (8.0_101-b13) (build 1.8.0_101-b13)
# Java VM: Java HotSpot(TM) 64-Bit Server VM (25.101-b13 mixed mode windows-amd64 compressed oops)
# Failed to write core dump. Minidumps are not enabled by default on client versions of Windows
#

---------------  T H R E A D  ---------------

Current thread (0x00000000169d5800):  JavaThread "C2 CompilerThread1" daemon [_thread_in_native, id=10568, stack(0x0000000016dd0000,0x0000000016ed0000)]

Stack: [0x0000000016dd0000,0x0000000016ed0000]
[error occurred during error reporting (printing stack bounds), id 0xc0000005]

Native frames: (J=compiled Java code, j=interpreted, Vv=VM code, C=native code)


Current CompileTask:
C2:   7711 1728       4       java.net.URLClassLoader$1::run (5 bytes)


---------------  P R O C E S S  ---------------

Java Threads: ( => current thread )
  0x00000000186d5800 JavaThread "Stdin handler" [_thread_blocked, id=9984, stack(0x0000000019590000,0x0000000019690000)]
  0x0000000018014000 JavaThread "Daemon worker" [_thread_in_vm, id=10320, stack(0x0000000019360000,0x0000000019460000)]
  0x000000001800f800 JavaThread "Cancel handler" [_thread_blocked, id=11048, stack(0x0000000019260000,0x0000000019360000)]
  0x0000000017f8f800 JavaThread "Handler for socket connection from /127.0.0.1:61946 to /127.0.0.1:61947" [_thread_in_native, id=9160, stack(0x0000000019160000,0x0000000019260000)]
  0x0000000017f8e000 JavaThread "Daemon" [_thread_blocked, id=8200, stack(0x0000000019060000,0x0000000019160000)]
  0x0000000017bf7000 JavaThread "Incoming local TCP Connector on port 61946" [_thread_in_native, id=10164, stack(0x00000000179d0000,0x0000000017ad0000)]
  0x0000000016a56000 JavaThread "Service Thread" daemon [_thread_blocked, id=10448, stack(0x0000000016fd0000,0x00000000170d0000)]
  0x00000000169d9000 JavaThread "C1 CompilerThread2" daemon [_thread_blocked, id=10752, stack(0x0000000016ed0000,0x0000000016fd0000)]
=>0x00000000169d5800 JavaThread "C2 CompilerThread1" daemon [_thread_in_native, id=10568, stack(0x0000000016dd0000,0x0000000016ed0000)]
  0x00000000153dd800 JavaThread "C2 CompilerThread0" daemon [_thread_in_native, id=7656, stack(0x00000000168d0000,0x00000000169d0000)]
  0x00000000153db000 JavaThread "Attach Listener" daemon [_thread_blocked, id=11160, stack(0x00000000167d0000,0x00000000168d0000)]
  0x00000000153da800 JavaThread "Signal Dispatcher" daemon [_thread_blocked, id=10160, stack(0x00000000166d0000,0x00000000167d0000)]
  0x000000001536a800 JavaThread "Finalizer" daemon [_thread_blocked, id=9224, stack(0x00000000165d0000,0x00000000166d0000)]
  0x0000000015349000 JavaThread "Reference Handler" daemon [_thread_blocked, id=9872, stack(0x00000000164d0000,0x00000000165d0000)]
  0x0000000002bb2800 JavaThread "main" [_thread_blocked, id=3532, stack(0x00000000029b0000,0x0000000002ab0000)]

Other Threads:
  0x0000000015346800 VMThread [stack: 0x00000000163d0000,0x00000000164d0000] [id=9864]
  0x0000000016aae000 WatcherThread [stack: 0x00000000170d0000,0x00000000171d0000] [id=9268]

VM state:not at safepoint (normal execution)

VM Mutex/Monitor currently owned by a thread: None

Heap:
 PSYoungGen      total 35328K, used 26246K [0x00000000eab00000, 0x00000000efc00000, 0x0000000100000000)
  eden space 32768K, 72% used [0x00000000eab00000,0x00000000ec227248,0x00000000ecb00000)
  from space 2560K, 99% used [0x00000000ecb00000,0x00000000ecd7a650,0x00000000ecd80000)
  to   space 8704K, 0% used [0x00000000ef380000,0x00000000ef380000,0x00000000efc00000)
 ParOldGen       total 44032K, used 10716K [0x00000000c0000000, 0x00000000c2b00000, 0x00000000eab00000)
  object space 44032K, 24% used [0x00000000c0000000,0x00000000c0a77138,0x00000000c2b00000)
 Metaspace       used 20753K, capacity 21094K, committed 21296K, reserved 1067008K
  class space    used 2783K, capacity 2915K, committed 2944K, reserved 1048576K

Card table byte_map: [0x0000000012070000,0x0000000012280000] byte_map_base: 0x0000000011a70000

Marking Bits: (ParMarkBitMap*) 0x000000005885a6d0
 Begin Bits: [0x00000000127e0000, 0x00000000137e0000)
 End Bits:   [0x00000000137e0000, 0x00000000147e0000)

Polling page: 0x0000000002640000

CodeCache: size=245760Kb used=7086Kb max_used=7086Kb free=238673Kb
 bounds [0x0000000002cb0000, 0x00000000033a0000, 0x0000000011cb0000]
 total_blobs=2424 nmethods=1805 adapters=531
 compilation: enabled

Compilation events (10 events):
Event: 7.635 Thread 0x00000000169d9000 1817       3       com.google.common.collect.SingletonImmutableSet::iterator (8 bytes)
Event: 7.636 Thread 0x00000000169d9000 nmethod 1817 0x0000000003397610 code [0x0000000003397780, 0x0000000003397ab0]
Event: 7.636 Thread 0x00000000169d9000 1818       3       com.google.common.collect.ImmutableSet::construct (245 bytes)
Event: 7.641 Thread 0x00000000169d9000 nmethod 1818 0x0000000003397c50 code [0x0000000003398040, 0x000000000339a578]
Event: 7.642 Thread 0x00000000169d9000 1819       3       com.google.common.reflect.TypeToken::getRawType (14 bytes)
Event: 7.644 Thread 0x00000000169d9000 nmethod 1819 0x000000000339c1d0 code [0x000000000339c460, 0x000000000339d4e8]
Event: 7.645 Thread 0x00000000169d9000 1820       3       com.google.common.reflect.TypeToken$4::visitClass (10 bytes)
Event: 7.645 Thread 0x00000000169d9000 nmethod 1820 0x000000000339df90 code [0x000000000339e100, 0x000000000339e308]
Event: 7.645 Thread 0x00000000169d9000 1821       1       org.gradle.model.internal.core.ModelReference::getType (5 bytes)
Event: 7.645 Thread 0x00000000169d9000 nmethod 1821 0x000000000339e410 code [0x000000000339e560, 0x000000000339e670]

GC Heap History (10 events):
Event: 1.105 GC heap before
{Heap before GC invocations=1 (full 0):
 PSYoungGen      total 18944K, used 16384K [0x00000000eab00000, 0x00000000ec000000, 0x0000000100000000)
  eden space 16384K, 100% used [0x00000000eab00000,0x00000000ebb00000,0x00000000ebb00000)
  from space 2560K, 0% used [0x00000000ebd80000,0x00000000ebd80000,0x00000000ec000000)
  to   space 2560K, 0% used [0x00000000ebb00000,0x00000000ebb00000,0x00000000ebd80000)
 ParOldGen       total 44032K, used 0K [0x00000000c0000000, 0x00000000c2b00000, 0x00000000eab00000)
  object space 44032K, 0% used [0x00000000c0000000,0x00000000c0000000,0x00000000c2b00000)
 Metaspace       used 5818K, capacity 6084K, committed 6272K, reserved 1056768K
  class space    used 740K, capacity 796K, committed 896K, reserved 1048576K
Event: 1.113 GC heap after
Heap after GC invocations=1 (full 0):
 PSYoungGen      total 18944K, used 2554K [0x00000000eab00000, 0x00000000ec000000, 0x0000000100000000)
  eden space 16384K, 0% used [0x00000000eab00000,0x00000000eab00000,0x00000000ebb00000)
  from space 2560K, 99% used [0x00000000ebb00000,0x00000000ebd7e848,0x00000000ebd80000)
  to   space 2560K, 0% used [0x00000000ebd80000,0x00000000ebd80000,0x00000000ec000000)
 ParOldGen       total 44032K, used 569K [0x00000000c0000000, 0x00000000c2b00000, 0x00000000eab00000)
  object space 44032K, 1% used [0x00000000c0000000,0x00000000c008e7c8,0x00000000c2b00000)
 Metaspace       used 5818K, capacity 6084K, committed 6272K, reserved 1056768K
  class space    used 740K, capacity 796K, committed 896K, reserved 1048576K
}
Event: 1.635 GC heap before
{Heap before GC invocations=2 (full 0):
 PSYoungGen      total 18944K, used 18938K [0x00000000eab00000, 0x00000000ec000000, 0x0000000100000000)
  eden space 16384K, 100% used [0x00000000eab00000,0x00000000ebb00000,0x00000000ebb00000)
  from space 2560K, 99% used [0x00000000ebb00000,0x00000000ebd7e848,0x00000000ebd80000)
  to   space 2560K, 0% used [0x00000000ebd80000,0x00000000ebd80000,0x00000000ec000000)
 ParOldGen       total 44032K, used 569K [0x00000000c0000000, 0x00000000c2b00000, 0x00000000eab00000)
  object space 44032K, 1% used [0x00000000c0000000,0x00000000c008e7c8,0x00000000c2b00000)
 Metaspace       used 6124K, capacity 6348K, committed 6528K, reserved 1056768K
  class space    used 785K, capacity 836K, committed 896K, reserved 1048576K
Event: 1.649 GC heap after
Heap after GC invocations=2 (full 0):
 PSYoungGen      total 18944K, used 2374K [0x00000000eab00000, 0x00000000ed000000, 0x0000000100000000)
  eden space 16384K, 0% used [0x00000000eab00000,0x00000000eab00000,0x00000000ebb00000)
  from space 2560K, 92% used [0x00000000ebd80000,0x00000000ebfd18e0,0x00000000ec000000)
  to   space 2560K, 0% used [0x00000000ebb00000,0x00000000ebb00000,0x00000000ebd80000)
 ParOldGen       total 44032K, used 569K [0x00000000c0000000, 0x00000000c2b00000, 0x00000000eab00000)
  object space 44032K, 1% used [0x00000000c0000000,0x00000000c008e7c8,0x00000000c2b00000)
 Metaspace       used 6124K, capacity 6348K, committed 6528K, reserved 1056768K
  class space    used 785K, capacity 836K, committed 896K, reserved 1048576K
}
Event: 3.034 GC heap before
{Heap before GC invocations=3 (full 0):
 PSYoungGen      total 18944K, used 18749K [0x00000000eab00000, 0x00000000ed000000, 0x0000000100000000)
  eden space 16384K, 99% used [0x00000000eab00000,0x00000000ebafde98,0x00000000ebb00000)
  from space 2560K, 92% used [0x00000000ebd80000,0x00000000ebfd18e0,0x00000000ec000000)
  to   space 2560K, 0% used [0x00000000ebb00000,0x00000000ebb00000,0x00000000ebd80000)
 ParOldGen       total 44032K, used 569K [0x00000000c0000000, 0x00000000c2b00000, 0x00000000eab00000)
  object space 44032K, 1% used [0x00000000c0000000,0x00000000c008e7c8,0x00000000c2b00000)
 Metaspace       used 10994K, capacity 11336K, committed 11648K, reserved 1058816K
  class space    used 1433K, capacity 1562K, committed 1664K, reserved 1048576K
Event: 3.051 GC heap after
Heap after GC invocations=3 (full 0):
 PSYoungGen      total 18944K, used 2553K [0x00000000eab00000, 0x00000000ed000000, 0x0000000100000000)
  eden space 16384K, 0% used [0x00000000eab00000,0x00000000eab00000,0x00000000ebb00000)
  from space 2560K, 99% used [0x00000000ebb00000,0x00000000ebd7e640,0x00000000ebd80000)
  to   space 2560K, 0% used [0x00000000ecd80000,0x00000000ecd80000,0x00000000ed000000)
 ParOldGen       total 44032K, used 2615K [0x00000000c0000000, 0x00000000c2b00000, 0x00000000eab00000)
  object space 44032K, 5% used [0x00000000c0000000,0x00000000c028dc40,0x00000000c2b00000)
 Metaspace       used 10994K, capacity 11336K, committed 11648K, reserved 1058816K
  class space    used 1433K, capacity 1562K, committed 1664K, reserved 1048576K
}
Event: 3.657 GC heap before
{Heap before GC invocations=4 (full 0):
 PSYoungGen      total 18944K, used 18937K [0x00000000eab00000, 0x00000000ed000000, 0x0000000100000000)
  eden space 16384K, 100% used [0x00000000eab00000,0x00000000ebb00000,0x00000000ebb00000)
  from space 2560K, 99% used [0x00000000ebb00000,0x00000000ebd7e640,0x00000000ebd80000)
  to   space 2560K, 0% used [0x00000000ecd80000,0x00000000ecd80000,0x00000000ed000000)
 ParOldGen       total 44032K, used 2615K [0x00000000c0000000, 0x00000000c2b00000, 0x00000000eab00000)
  object space 44032K, 5% used [0x00000000c0000000,0x00000000c028dc40,0x00000000c2b00000)
 Metaspace       used 12828K, capacity 13192K, committed 13440K, reserved 1060864K
  class space    used 1743K, capacity 1882K, committed 1920K, reserved 1048576K
Event: 3.687 GC heap after
Heap after GC invocations=4 (full 0):
 PSYoungGen      total 35328K, used 2537K [0x00000000eab00000, 0x00000000ed000000, 0x0000000100000000)
  eden space 32768K, 0% used [0x00000000eab00000,0x00000000eab00000,0x00000000ecb00000)
  from space 2560K, 99% used [0x00000000ecd80000,0x00000000ecffa630,0x00000000ed000000)
  to   space 2560K, 0% used [0x00000000ecb00000,0x00000000ecb00000,0x00000000ecd80000)
 ParOldGen       total 44032K, used 5001K [0x00000000c0000000, 0x00000000c2b00000, 0x00000000eab00000)
  object space 44032K, 11% used [0x00000000c0000000,0x00000000c04e2768,0x00000000c2b00000)
 Metaspace       used 12828K, capacity 13192K, committed 13440K, reserved 1060864K
  class space    used 1743K, capacity 1882K, committed 1920K, reserved 1048576K
}
Event: 5.944 GC heap before
{Heap before GC invocations=5 (full 0):
 PSYoungGen      total 35328K, used 34722K [0x00000000eab00000, 0x00000000ed000000, 0x0000000100000000)
  eden space 32768K, 98% used [0x00000000eab00000,0x00000000eca6e510,0x00000000ecb00000)
  from space 2560K, 99% used [0x00000000ecd80000,0x00000000ecffa630,0x00000000ed000000)
  to   space 2560K, 0% used [0x00000000ecb00000,0x00000000ecb00000,0x00000000ecd80000)
 ParOldGen       total 44032K, used 5001K [0x00000000c0000000, 0x00000000c2b00000, 0x00000000eab00000)
  object space 44032K, 11% used [0x00000000c0000000,0x00000000c04e2768,0x00000000c2b00000)
 Metaspace       used 18333K, capacity 18644K, committed 18816K, reserved 1064960K
  class space    used 2487K, capacity 2590K, committed 2688K, reserved 1048576K
Event: 5.967 GC heap after
Heap after GC invocations=5 (full 0):
 PSYoungGen      total 35328K, used 2537K [0x00000000eab00000, 0x00000000efc00000, 0x0000000100000000)
  eden space 32768K, 0% used [0x00000000eab00000,0x00000000eab00000,0x00000000ecb00000)
  from space 2560K, 99% used [0x00000000ecb00000,0x00000000ecd7a650,0x00000000ecd80000)
  to   space 8704K, 0% used [0x00000000ef380000,0x00000000ef380000,0x00000000efc00000)
 ParOldGen       total 44032K, used 10716K [0x00000000c0000000, 0x00000000c2b00000, 0x00000000eab00000)
  object space 44032K, 24% used [0x00000000c0000000,0x00000000c0a77138,0x00000000c2b00000)
 Metaspace       used 18333K, capacity 18644K, committed 18816K, reserved 1064960K
  class space    used 2487K, capacity 2590K, committed 2688K, reserved 1048576K
}

Deoptimization events (10 events):
Event: 5.639 Thread 0x0000000018014000 Uncommon trap: reason=class_check action=maybe_recompile pc=0x0000000002e762a8 method=sun.misc.URLClassPath.getLoader(I)Lsun/misc/URLClassPath$Loader; @ 94
Event: 5.640 Thread 0x0000000018014000 Uncommon trap: reason=class_check action=maybe_recompile pc=0x0000000002f7fdac method=sun.misc.URLClassPath.getResource(Ljava/lang/String;Z)Lsun/misc/Resource; @ 62
Event: 5.642 Thread 0x0000000018014000 Uncommon trap: reason=bimorphic action=maybe_recompile pc=0x000000000313e8e4 method=java.lang.ClassLoader.loadClass(Ljava/lang/String;Z)Ljava/lang/Class; @ 38
Event: 5.642 Thread 0x0000000018014000 Uncommon trap: reason=bimorphic action=maybe_recompile pc=0x000000000313e8e4 method=java.lang.ClassLoader.loadClass(Ljava/lang/String;Z)Ljava/lang/Class; @ 38
Event: 5.736 Thread 0x0000000018014000 Uncommon trap: reason=class_check action=maybe_recompile pc=0x0000000002e7643c method=sun.misc.URLClassPath.getLoader(I)Lsun/misc/URLClassPath$Loader; @ 193
Event: 5.798 Thread 0x0000000018014000 Uncommon trap: reason=class_check action=maybe_recompile pc=0x0000000002e7643c method=sun.misc.URLClassPath.getLoader(I)Lsun/misc/URLClassPath$Loader; @ 193
Event: 5.856 Thread 0x0000000018014000 Uncommon trap: reason=class_check action=maybe_recompile pc=0x0000000002e7643c method=sun.misc.URLClassPath.getLoader(I)Lsun/misc/URLClassPath$Loader; @ 193
Event: 6.387 Thread 0x0000000018014000 Uncommon trap: reason=class_check action=maybe_recompile pc=0x0000000002e7362c method=sun.misc.URLClassPath.getLoader(I)Lsun/misc/URLClassPath$Loader; @ 94
Event: 6.553 Thread 0x0000000018014000 Uncommon trap: reason=unstable_if action=reinterpret pc=0x0000000003195520 method=java.util.HashMap.hash(Ljava/lang/Object;)I @ 1
Event: 7.533 Thread 0x0000000018014000 Uncommon trap: reason=unstable_if action=reinterpret pc=0x0000000002f8dd70 method=java.util.LinkedHashMap.afterNodeInsertion(Z)V @ 1

Internal exceptions (10 events):
Event: 6.399 Thread 0x0000000018014000 Exception <a 'java/lang/ClassNotFoundException': org/gradle/initialization/SettingsScriptBeanInfo> (0x00000000eb116078) thrown at [C:\re\workspace\8-2-build-windows-amd64-cygwin\jdk8u101\7261\hotspot\src\share\vm\classfile\systemDictionary.cpp, line 210]
Event: 6.399 Thread 0x0000000018014000 Exception <a 'java/lang/ClassNotFoundException': org/gradle/initialization/SettingsScriptCustomizer> (0x00000000eb123d20) thrown at [C:\re\workspace\8-2-build-windows-amd64-cygwin\jdk8u101\7261\hotspot\src\share\vm\classfile\systemDictionary.cpp, line 210]à*\œ>œ@
Event: 6.403 Thread 0x0000000018014000 Exception <a 'java/lang/ClassNotFoundException': settings_4u06mq5tor1dlgrvqdwtwswnoCustomizer> (0x00000000eb134950) thrown at [C:\re\workspace\8-2-build-windows-amd64-cygwin\jdk8u101\7261\hotspot\src\share\vm\classfile\systemDictionary.cpp, line 210]
Event: 6.417 Thread 0x0000000018014000 Exception <a 'java/lang/ClassNotFoundException': org/gradle/initialization/DefaultSettings_DecoratedBeanInfo> (0x00000000eb19a5c0) thrown at [C:\re\workspace\8-2-build-windows-amd64-cygwin\jdk8u101\7261\hotspot\src\share\vm\classfile\systemDictionary.cpp, à>íü«@
Event: 6.418 Thread 0x0000000018014000 Exception <a 'java/lang/ClassNotFoundException': org/gradle/initialization/DefaultSettingsBeanInfo> (0x00000000eb1b5e00) thrown at [C:\re\workspace\8-2-build-windows-amd64-cygwin\jdk8u101\7261\hotspot\src\share\vm\classfile\systemDictionary.cpp, line 210]
Event: 6.419 Thread 0x0000000018014000 Exception <a 'java/lang/ClassNotFoundException': org/gradle/initialization/BaseSettingsBeanInfo> (0x00000000eb1d0728) thrown at [C:\re\workspace\8-2-build-windows-amd64-cygwin\jdk8u101\7261\hotspot\src\share\vm\classfile\systemDictionary.cpp, line 210]
Event: 6.420 Thread 0x0000000018014000 Exception <a 'java/lang/ClassNotFoundException': org/gradle/initialization/BaseSettingsCustomizer> (0x00000000eb1ebdd0) thrown at [C:\re\workspace\8-2-build-windows-amd64-cygwin\jdk8u101\7261\hotspot\src\share\vm\classfile\systemDictionary.cpp, line 210]
Event: 6.437 Thread 0x0000000018014000 Exception <a 'java/lang/ClassNotFoundException': org/gradle/initialization/DefaultSettingsCustomizer> (0x00000000eb22dca0) thrown at [C:\re\workspace\8-2-build-windows-amd64-cygwin\jdk8u101\7261\hotspot\src\share\vm\classfile\systemDictionary.cpp, line 210SþQ¾óÃ@
Event: 6.441 Thread 0x0000000018014000 Exception <a 'java/lang/ClassNotFoundException': org/gradle/initialization/DefaultSettings_DecoratedCustomizer> (0x00000000eb2534e0) thrown at [C:\re\workspace\8-2-build-windows-amd64-cygwin\jdk8u101\7261\hotspot\src\share\vm\classfile\systemDictionary.cpp-?[áw6@
Event: 6.553 Thread 0x0000000018014000 Implicit null exception at 0x0000000003195315 to 0x0000000003195511

Events (10 events):
Event: 7.542 loading class org/gradle/model/internal/core/ExtractedModelRegistration
Event: 7.542 loading class org/gradle/model/internal/core/ExtractedModelRegistration done
Event: 7.590 loading class com/google/common/util/concurrent/Uninterruptibles
Event: 7.590 loading class com/google/common/util/concurrent/Uninterruptibles done
Event: 7.591 loading class org/gradle/model/internal/core/ChainingModelProjection$1
Event: 7.591 loading class org/gradle/model/internal/core/ChainingModelProjection$1 done
Event: 7.592 loading class org/gradle/model/internal/core/ChainingModelProjection$2
Event: 7.592 loading class org/gradle/model/internal/core/ChainingModelProjection$2 done
Event: 7.624 loading class org/gradle/api/internal/ExtensibleDynamicObject$InheritedDynamicObject
Event: 7.624 loading class org/gradle/api/internal/ExtensibleDynamicObject$InheritedDynamicObject done


Dynamic libraries:
0x00007ff6cadf0000 - 0x00007ff6cae27000 	C:\Program Files\Java\jdk1.8.0_101\bin\java.exe
0x00007ffb75d70000 - 0x00007ffb75f1a000 	C:\Windows\SYSTEM32\ntdll.dll
0x00007ffb758a0000 - 0x00007ffb759da000 	C:\Windows\system32\KERNEL32.DLL
0x00007ffb73200000 - 0x00007ffb7330f000 	C:\Windows\system32\KERNELBASE.dll
0x00007ffb71d10000 - 0x00007ffb71d98000 	C:\Windows\system32\apphelp.dll
0x00007ffb62d30000 - 0x00007ffb62d7f000 	C:\Windows\AppPatch\AppPatch64\AcGenral.DLL
0x00007ffb75cc0000 - 0x00007ffb75d67000 	C:\Windows\system32\msvcrt.dll
0x00007ffb72f90000 - 0x00007ffb72fbb000 	C:\Windows\SYSTEM32\SspiCli.dll
0x00007ffb73b00000 - 0x00007ffb73b51000 	C:\Windows\system32\SHLWAPI.dll
0x00007ffb73690000 - 0x00007ffb73801000 	C:\Windows\system32\USER32.dll
0x00007ffb75720000 - 0x00007ffb75898000 	C:\Windows\system32\ole32.dll
0x00007ffb74150000 - 0x00007ffb75567000 	C:\Windows\system32\SHELL32.dll
0x00007ffb72770000 - 0x00007ffb7278e000 	C:\Windows\SYSTEM32\USERENV.dll
0x00007ffb73870000 - 0x00007ffb73915000 	C:\Windows\system32\ADVAPI32.dll
0x00007ffb6b7a0000 - 0x00007ffb6b7bb000 	C:\Windows\SYSTEM32\MPR.dll
0x00007ffb75a90000 - 0x00007ffb75bc6000 	C:\Windows\system32\RPCRT4.dll
0x00007ffb756c0000 - 0x00007ffb75717000 	C:\Windows\SYSTEM32\sechost.dll
0x00007ffb73d10000 - 0x00007ffb73ee6000 	C:\Windows\SYSTEM32\combase.dll
0x00007ffb75570000 - 0x00007ffb756b5000 	C:\Windows\system32\GDI32.dll
0x00007ffb730e0000 - 0x00007ffb730f4000 	C:\Windows\SYSTEM32\profapi.dll
0x00007ffb71520000 - 0x00007ffb715bf000 	C:\Windows\SYSTEM32\SHCORE.dll
0x00007ffb75c80000 - 0x00007ffb75cb4000 	C:\Windows\system32\IMM32.DLL
0x00007ffb73ef0000 - 0x00007ffb74029000 	C:\Windows\system32\MSCTF.dll
0x00007ffb70ae0000 - 0x00007ffb70d3a000 	C:\Windows\WinSxS\amd64_microsoft.windows.common-controls_6595b64144ccf1df_6.0.9600.17031_none_6242a4b3ecbb55a1\COMCTL32.dll
0x0000000057bb0000 - 0x0000000057c82000 	C:\Program Files\Java\jdk1.8.0_101\jre\bin\msvcr100.dll
0x0000000058040000 - 0x00000000588da000 	C:\Program Files\Java\jdk1.8.0_101\jre\bin\server\jvm.dll
0x00007ffb6d840000 - 0x00007ffb6d849000 	C:\Windows\SYSTEM32\WSOCK32.dll
0x00007ffb6da50000 - 0x00007ffb6da6f000 	C:\Windows\SYSTEM32\WINMM.dll
0x00007ffb6bba0000 - 0x00007ffb6bbaa000 	C:\Windows\SYSTEM32\VERSION.dll
0x00007ffb75bd0000 - 0x00007ffb75bd7000 	C:\Windows\system32\PSAPI.DLL
0x00007ffb73810000 - 0x00007ffb73868000 	C:\Windows\system32\WS2_32.dll
0x00007ffb6da20000 - 0x00007ffb6da4a000 	C:\Windows\SYSTEM32\WINMMBASE.dll
0x00007ffb75c70000 - 0x00007ffb75c79000 	C:\Windows\system32\NSI.dll
0x00007ffb735a0000 - 0x00007ffb735ea000 	C:\Windows\SYSTEM32\cfgmgr32.dll
0x00007ffb71f60000 - 0x00007ffb71f86000 	C:\Windows\SYSTEM32\DEVOBJ.dll
0x0000000058030000 - 0x000000005803f000 	C:\Program Files\Java\jdk1.8.0_101\jre\bin\verify.dll
0x0000000058000000 - 0x0000000058029000 	C:\Program Files\Java\jdk1.8.0_101\jre\bin\java.dll
0x0000000057fe0000 - 0x0000000057ff6000 	C:\Program Files\Java\jdk1.8.0_101\jre\bin\zip.dll
0x0000000057fc0000 - 0x0000000057fda000 	C:\Program Files\Java\jdk1.8.0_101\jre\bin\net.dll
0x00007ffb72a10000 - 0x00007ffb72a68000 	C:\Windows\system32\mswsock.dll
0x0000000057fa0000 - 0x0000000057fb1000 	C:\Program Files\Java\jdk1.8.0_101\jre\bin\nio.dll
0x00007ffb635c0000 - 0x00007ffb635d2000 	C:\Users\Jae Eun\.gradle\native\19\windows-amd64\native-platform.dll
0x00007ffb6e3f0000 - 0x00007ffb6e419000 	C:\Windows\SYSTEM32\IPHLPAPI.DLL
0x00007ffb6e3d0000 - 0x00007ffb6e3da000 	C:\Windows\SYSTEM32\WINNSI.DLL
0x00007ffb6ded0000 - 0x00007ffb6dee4000 	C:\Windows\SYSTEM32\dhcpcsvc6.DLL
0x00007ffb6e0b0000 - 0x00007ffb6e0c9000 	C:\Windows\SYSTEM32\dhcpcsvc.DLL
0x00007ffb72a70000 - 0x00007ffb72a8e000 	C:\Windows\SYSTEM32\CRYPTSP.dll
0x00007ffb72660000 - 0x00007ffb72695000 	C:\Windows\system32\rsaenh.dll
0x00007ffb72ca0000 - 0x00007ffb72cc6000 	C:\Windows\SYSTEM32\bcrypt.dll
0x00007ffb72fc0000 - 0x00007ffb73020000 	C:\Windows\system32\bcryptprimitives.dll
0x00007ffb73020000 - 0x00007ffb7302a000 	C:\Windows\SYSTEM32\CRYPTBASE.dll

VM Arguments:
jvm_args: -XX:MaxPermSize=256m -XX:+HeapDumpOnOutOfMemoryError -Xmx1024m -Dfile.encoding=x-windows-949 -Duser.country=KR -Duser.language=ko -Duser.variant 
java_command: org.gradle.launcher.daemon.bootstrap.GradleDaemon 2.10
java_class_path (initial): C:\Users\Jae Eun\.gradle\wrapper\dists\gradle-2.10-all\a4w5fzrkeut1ox71xslb49gst\gradle-2.10\lib\gradle-launcher-2.10.jar
Launcher Type: SUN_STANDARD

Environment Variables:
PATH=C:\ProgramData\Oracle\Java\javapath;C:\Windows\system32;C:\Windows;C:\Windows\System32\Wbem;C:\Windows\System32\WindowsPowerShell\v1.0\;C:\Program Files (x86)\GtkSharp\2.12\bin;C:\Windows\system32\config\systemprofile\.dnx\bin;C:\Program Files\Microsoft DNX\Dnvm\;C:\Program Files\Microsoft SQL Server\130\Tools\Binn\;C:\Program Files\Git\cmd%OPENCV_DIR%\x64\vc14\bin;C:\Program Files (x86)\Windows Kits\8.1\Windows Performance Toolkit\;C:\Program Files\MATLAB\R2016a\runtime\win64;C:\Program Files\MATLAB\R2016a\bin;C:\Users\Jae Eun\AppData\Local\Programs\Python\Python35-32\Scripts\;C:\Users\Jae Eun\AppData\Local\Programs\Python\Python35-32\
USERNAME=Jae Eun
OS=Windows_NT
PROCESSOR_IDENTIFIER=Intel64 Family 6 Model 69 Stepping 1, GenuineIntel



---------------  S Y S T E M  ---------------

OS: Windows 8.1 , 64 bit Build 9600 (6.3.9600.17056)

CPU:total 4 (2 cores per cpu, 2 threads per core) family 6 model 69 stepping 1, cmov, cx8, fxsr, mmx, sse, sse2, sse3, ssse3, sse4.1, sse4.2, popcnt, avx, avx2, aes, clmul, erms, lzcnt, ht, tsc, tscinvbit, bmi1, bmi2

Memory: 4k page, physical 4074928k(301572k free), swap 8908404k(7152k free)

vm_info: Java HotSpot(TM) 64-Bit Server VM (25.101-b13) for windows-amd64 JRE (1.8.0_101-b13), built on Jun 22 2016 01:21:29 by "java_re" with MS VC++ 10.0 (VS2010)

time: Sat Nov 12 16:31:47 2016
elapsed time: 7 seconds (0d 0h 0m 7s)

