#
# There is insufficient memory for the Java Runtime Environment to continue.
# Native memory allocation (malloc) failed to allocate 1949712 bytes for Chunk::new
# Possible reasons:
#   The system is out of physical RAM or swap space
#   In 32 bit mode, the process size limit was hit
# Possible solutions:
#   Reduce memory load on the system
#   Increase physical memory or swap space
#   Check if swap backing store is full
#   Use 64 bit Java on a 64 bit OS
#   Decrease Java heap size (-Xmx/-Xms)
#   Decrease number of Java threads
#   Decrease Java thread stack sizes (-Xss)
#   Set larger code cache with -XX:ReservedCodeCacheSize=
# This output file may be truncated or incomplete.
#
#  Out of Memory Error (allocation.cpp:390), pid=10272, tid=0x000000000000214c
#
# JRE version: Java(TM) SE Runtime Environment (8.0_101-b13) (build 1.8.0_101-b13)
# Java VM: Java HotSpot(TM) 64-Bit Server VM (25.101-b13 mixed mode windows-amd64 compressed oops)
# Failed to write core dump. Minidumps are not enabled by default on client versions of Windows
#

---------------  T H R E A D  ---------------

Current thread (0x0000000016bd4800):  JavaThread "C2 CompilerThread1" daemon [_thread_in_native, id=8524, stack(0x00000000170d0000,0x00000000171d0000)]

Stack: [0x00000000170d0000,0x00000000171d0000]
[error occurred during error reporting (printing stack bounds), id 0xc0000005]

Native frames: (J=compiled Java code, j=interpreted, Vv=VM code, C=native code)


Current CompileTask:
C2:  19855 4872       4       java.net.URLClassLoader$1::run (5 bytes)


---------------  P R O C E S S  ---------------

Java Threads: ( => current thread )
  0x000000001b31c800 JavaThread "File lock request listener" [_thread_in_native, id=928, stack(0x000000001d4d0000,0x000000001d5d0000)]
  0x000000001866f800 JavaThread "Stdin handler" [_thread_blocked, id=6732, stack(0x0000000019780000,0x0000000019880000)]
  0x0000000017e6c800 JavaThread "Daemon worker" [_thread_in_Java, id=10880, stack(0x0000000019680000,0x0000000019780000)]
  0x0000000018379000 JavaThread "Cancel handler" [_thread_blocked, id=10816, stack(0x0000000019580000,0x0000000019680000)]
  0x000000001804d800 JavaThread "Handler for socket connection from /127.0.0.1:61837 to /127.0.0.1:61838" [_thread_in_native, id=32, stack(0x0000000019480000,0x0000000019580000)]
  0x0000000018560800 JavaThread "Daemon" [_thread_blocked, id=8932, stack(0x0000000019380000,0x0000000019480000)]
  0x0000000017bb4000 JavaThread "Incoming local TCP Connector on port 61837" [_thread_in_native, id=4760, stack(0x0000000017cd0000,0x0000000017dd0000)]
  0x0000000016c59800 JavaThread "Service Thread" daemon [_thread_blocked, id=10428, stack(0x00000000172d0000,0x00000000173d0000)]
  0x0000000016bd8000 JavaThread "C1 CompilerThread2" daemon [_thread_blocked, id=9092, stack(0x00000000171d0000,0x00000000172d0000)]
=>0x0000000016bd4800 JavaThread "C2 CompilerThread1" daemon [_thread_in_native, id=8524, stack(0x00000000170d0000,0x00000000171d0000)]
  0x0000000016bd1800 JavaThread "C2 CompilerThread0" daemon [_thread_in_native, id=10452, stack(0x0000000016fd0000,0x00000000170d0000)]
  0x00000000155fb000 JavaThread "Attach Listener" daemon [_thread_blocked, id=7652, stack(0x0000000016ad0000,0x0000000016bd0000)]
  0x00000000155fa000 JavaThread "Signal Dispatcher" daemon [_thread_blocked, id=11232, stack(0x00000000169d0000,0x0000000016ad0000)]
  0x000000001558a000 JavaThread "Finalizer" daemon [_thread_blocked, id=9576, stack(0x00000000167f0000,0x00000000168f0000)]
  0x0000000015569000 JavaThread "Reference Handler" daemon [_thread_blocked, id=9008, stack(0x00000000166f0000,0x00000000167f0000)]
  0x0000000002dd2800 JavaThread "main" [_thread_blocked, id=10308, stack(0x0000000002c80000,0x0000000002d80000)]

Other Threads:
  0x0000000015566800 VMThread [stack: 0x00000000165f0000,0x00000000166f0000] [id=8148]
  0x0000000016c94000 WatcherThread [stack: 0x00000000173d0000,0x00000000174d0000] [id=8692]

VM state:not at safepoint (normal execution)

VM Mutex/Monitor currently owned by a thread: None

Heap:
 PSYoungGen      total 83968K, used 14099K [0x00000000eab00000, 0x00000000f1a00000, 0x0000000100000000)
  eden space 72704K, 3% used [0x00000000eab00000,0x00000000eadc9248,0x00000000ef200000)
  from space 11264K, 99% used [0x00000000f0f00000,0x00000000f19fbb28,0x00000000f1a00000)
  to   space 11776K, 0% used [0x00000000ef200000,0x00000000ef200000,0x00000000efd80000)
 ParOldGen       total 63488K, used 21826K [0x00000000c0000000, 0x00000000c3e00000, 0x00000000eab00000)
  object space 63488K, 34% used [0x00000000c0000000,0x00000000c1550bc0,0x00000000c3e00000)
 Metaspace       used 42697K, capacity 43502K, committed 43776K, reserved 1087488K
  class space    used 5902K, capacity 6085K, committed 6144K, reserved 1048576K

Card table byte_map: [0x0000000012290000,0x00000000124a0000] byte_map_base: 0x0000000011c90000

Marking Bits: (ParMarkBitMap*) 0x000000005885a6d0
 Begin Bits: [0x0000000012a00000, 0x0000000013a00000)
 End Bits:   [0x0000000013a00000, 0x0000000014a00000)

Polling page: 0x00000000011b0000

CodeCache: size=245760Kb used=16716Kb max_used=18062Kb free=229043Kb
 bounds [0x0000000002ed0000, 0x0000000004090000, 0x0000000011ed0000]
 total_blobs=5366 nmethods=4670 adapters=607
 compilation: enabled

Compilation events (10 events):
Event: 19.835 Thread 0x0000000016bd8000 5177       2       java.util.TreeMap::navigableKeySet (27 bytes)
Event: 19.836 Thread 0x0000000016bd8000 nmethod 5177 0x00000000036196d0 code [0x0000000003619820, 0x00000000036199f0]
Event: 19.838 Thread 0x0000000016bd8000 5178       2       org.gradle.model.internal.registry.DefaultModelRegistry$GoalGraph::nodeAtState (137 bytes)
Event: 19.839 Thread 0x0000000016bd8000 nmethod 5178 0x000000000338aa50 code [0x000000000338ac00, 0x000000000338b2b8]
Event: 19.840 Thread 0x0000000016bd8000 5179       1       org.gradle.internal.graph.CachingDirectedGraphWalker$NodeDetails::access$300 (5 bytes)
Event: 19.840 Thread 0x0000000016bd8000 nmethod 5179 0x000000000370f990 code [0x000000000370fae0, 0x000000000370fbd0]
Event: 19.846 Thread 0x0000000016bd8000 5180       1       org.gradle.internal.graph.CachingDirectedGraphWalker$NodeDetails::access$500 (5 bytes)
Event: 19.846 Thread 0x0000000016bd8000 nmethod 5180 0x000000000372bb10 code [0x000000000372bc60, 0x000000000372bd50]
Event: 19.847 Thread 0x0000000016bd8000 5181       1       org.gradle.internal.graph.CachingDirectedGraphWalker$NodeDetails::access$200 (5 bytes)
Event: 19.847 Thread 0x0000000016bd8000 nmethod 5181 0x000000000372d890 code [0x000000000372d9e0, 0x000000000372dad0]

GC Heap History (10 events):
Event: 14.717 GC heap before
{Heap before GC invocations=12 (full 1):
 PSYoungGen      total 65536K, used 65528K [0x00000000eab00000, 0x00000000f0180000, 0x0000000100000000)
  eden space 58880K, 100% used [0x00000000eab00000,0x00000000ee480000,0x00000000ee480000)
  from space 6656K, 99% used [0x00000000eec80000,0x00000000ef2fe2a0,0x00000000ef300000)
  to   space 8192K, 0% used [0x00000000ee480000,0x00000000ee480000,0x00000000eec80000)
 ParOldGen       total 40960K, used 11683K [0x00000000c0000000, 0x00000000c2800000, 0x00000000eab00000)
  object space 40960K, 28% used [0x00000000c0000000,0x00000000c0b68c08,0x00000000c2800000)
 Metaspace       used 32842K, capacity 33394K, committed 33536K, reserved 1079296K
  class space    used 4408K, capacity 4600K, committed 4608K, reserved 1048576K
Event: 14.748 GC heap after
Heap after GC invocations=12 (full 1):
 PSYoungGen      total 67072K, used 8176K [0x00000000eab00000, 0x00000000f0680000, 0x0000000100000000)
  eden space 58880K, 0% used [0x00000000eab00000,0x00000000eab00000,0x00000000ee480000)
  from space 8192K, 99% used [0x00000000ee480000,0x00000000eec7c268,0x00000000eec80000)
  to   space 9216K, 0% used [0x00000000efd80000,0x00000000efd80000,0x00000000f0680000)
 ParOldGen       total 40960K, used 12212K [0x00000000c0000000, 0x00000000c2800000, 0x00000000eab00000)
  object space 40960K, 29% used [0x00000000c0000000,0x00000000c0bed0a0,0x00000000c2800000)
 Metaspace       used 32842K, capacity 33394K, committed 33536K, reserved 1079296K
  class space    used 4408K, capacity 4600K, committed 4608K, reserved 1048576K
}
Event: 15.639 GC heap before
{Heap before GC invocations=13 (full 1):
 PSYoungGen      total 67072K, used 47735K [0x00000000eab00000, 0x00000000f0680000, 0x0000000100000000)
  eden space 58880K, 67% used [0x00000000eab00000,0x00000000ed1a1a40,0x00000000ee480000)
  from space 8192K, 99% used [0x00000000ee480000,0x00000000eec7c268,0x00000000eec80000)
  to   space 9216K, 0% used [0x00000000efd80000,0x00000000efd80000,0x00000000f0680000)
 ParOldGen       total 40960K, used 12212K [0x00000000c0000000, 0x00000000c2800000, 0x00000000eab00000)
  object space 40960K, 29% used [0x00000000c0000000,0x00000000c0bed0a0,0x00000000c2800000)
 Metaspace       used 34681K, capacity 35344K, committed 35496K, reserved 1079296K
  class space    used 4692K, capacity 4864K, committed 4864K, reserved 1048576K
Event: 15.674 GC heap after
Heap after GC invocations=13 (full 1):
 PSYoungGen      total 81920K, used 9206K [0x00000000eab00000, 0x00000000f0e80000, 0x0000000100000000)
  eden space 72704K, 0% used [0x00000000eab00000,0x00000000eab00000,0x00000000ef200000)
  from space 9216K, 99% used [0x00000000efd80000,0x00000000f067dab8,0x00000000f0680000)
  to   space 11776K, 0% used [0x00000000ef200000,0x00000000ef200000,0x00000000efd80000)
 ParOldGen       total 40960K, used 15192K [0x00000000c0000000, 0x00000000c2800000, 0x00000000eab00000)
  object space 40960K, 37% used [0x00000000c0000000,0x00000000c0ed6150,0x00000000c2800000)
 Metaspace       used 34681K, capacity 35344K, committed 35496K, reserved 1079296K
  class space    used 4692K, capacity 4864K, committed 4864K, reserved 1048576K
}
Event: 15.674 GC heap before
{Heap before GC invocations=14 (full 2):
 PSYoungGen      total 81920K, used 9206K [0x00000000eab00000, 0x00000000f0e80000, 0x0000000100000000)
  eden space 72704K, 0% used [0x00000000eab00000,0x00000000eab00000,0x00000000ef200000)
  from space 9216K, 99% used [0x00000000efd80000,0x00000000f067dab8,0x00000000f0680000)
  to   space 11776K, 0% used [0x00000000ef200000,0x00000000ef200000,0x00000000efd80000)
 ParOldGen       total 40960K, used 15192K [0x00000000c0000000, 0x00000000c2800000, 0x00000000eab00000)
  object space 40960K, 37% used [0x00000000c0000000,0x00000000c0ed6150,0x00000000c2800000)
 Metaspace       used 34681K, capacity 35344K, committed 35496K, reserved 1079296K
  class space    used 4692K, capacity 4864K, committed 4864K, reserved 1048576K
Event: 15.919 GC heap after
Heap after GC invocations=14 (full 2):
 PSYoungGen      total 81920K, used 0K [0x00000000eab00000, 0x00000000f0e80000, 0x0000000100000000)
  eden space 72704K, 0% used [0x00000000eab00000,0x00000000eab00000,0x00000000ef200000)
  from space 9216K, 0% used [0x00000000efd80000,0x00000000efd80000,0x00000000f0680000)
  to   space 11776K, 0% used [0x00000000ef200000,0x00000000ef200000,0x00000000efd80000)
 ParOldGen       total 63488K, used 20085K [0x00000000c0000000, 0x00000000c3e00000, 0x00000000eab00000)
  object space 63488K, 31% used [0x00000000c0000000,0x00000000c139d4a0,0x00000000c3e00000)
 Metaspace       used 34681K, capacity 35344K, committed 35496K, reserved 1079296K
  class space    used 4692K, capacity 4864K, committed 4864K, reserved 1048576K
}
Event: 18.110 GC heap before
{Heap before GC invocations=15 (full 2):
 PSYoungGen      total 81920K, used 72704K [0x00000000eab00000, 0x00000000f0e80000, 0x0000000100000000)
  eden space 72704K, 100% used [0x00000000eab00000,0x00000000ef200000,0x00000000ef200000)
  from space 9216K, 0% used [0x00000000efd80000,0x00000000efd80000,0x00000000f0680000)
  to   space 11776K, 0% used [0x00000000ef200000,0x00000000ef200000,0x00000000efd80000)
 ParOldGen       total 63488K, used 20085K [0x00000000c0000000, 0x00000000c3e00000, 0x00000000eab00000)
  object space 63488K, 31% used [0x00000000c0000000,0x00000000c139d4a0,0x00000000c3e00000)
 Metaspace       used 39545K, capacity 40252K, committed 40448K, reserved 1083392K
  class space    used 5382K, capacity 5571K, committed 5632K, reserved 1048576K
Event: 18.122 GC heap after
Heap after GC invocations=15 (full 2):
 PSYoungGen      total 84480K, used 6996K [0x00000000eab00000, 0x00000000f1a00000, 0x0000000100000000)
  eden space 72704K, 0% used [0x00000000eab00000,0x00000000eab00000,0x00000000ef200000)
  from space 11776K, 59% used [0x00000000ef200000,0x00000000ef8d5268,0x00000000efd80000)
  to   space 11264K, 0% used [0x00000000f0f00000,0x00000000f0f00000,0x00000000f1a00000)
 ParOldGen       total 63488K, used 20093K [0x00000000c0000000, 0x00000000c3e00000, 0x00000000eab00000)
  object space 63488K, 31% used [0x00000000c0000000,0x00000000c139f4a0,0x00000000c3e00000)
 Metaspace       used 39545K, capacity 40252K, committed 40448K, reserved 1083392K
  class space    used 5382K, capacity 5571K, committed 5632K, reserved 1048576K
}
Event: 19.727 GC heap before
{Heap before GC invocations=16 (full 2):
 PSYoungGen      total 84480K, used 79700K [0x00000000eab00000, 0x00000000f1a00000, 0x0000000100000000)
  eden space 72704K, 100% used [0x00000000eab00000,0x00000000ef200000,0x00000000ef200000)
  from space 11776K, 59% used [0x00000000ef200000,0x00000000ef8d5268,0x00000000efd80000)
  to   space 11264K, 0% used [0x00000000f0f00000,0x00000000f0f00000,0x00000000f1a00000)
 ParOldGen       total 63488K, used 20093K [0x00000000c0000000, 0x00000000c3e00000, 0x00000000eab00000)
  object space 63488K, 31% used [0x00000000c0000000,0x00000000c139f4a0,0x00000000c3e00000)
 Metaspace       used 42586K, capacity 43374K, committed 43520K, reserved 1087488K
  class space    used 5884K, capacity 6085K, committed 6144K, reserved 1048576K
Event: 19.778 GC heap after
Heap after GC invocations=16 (full 2):
 PSYoungGen      total 83968K, used 11246K [0x00000000eab00000, 0x00000000f1a00000, 0x0000000100000000)
  eden space 72704K, 0% used [0x00000000eab00000,0x00000000eab00000,0x00000000ef200000)
  from space 11264K, 99% used [0x00000000f0f00000,0x00000000f19fbb28,0x00000000f1a00000)
  to   space 11776K, 0% used [0x00000000ef200000,0x00000000ef200000,0x00000000efd80000)
 ParOldGen       total 63488K, used 21826K [0x00000000c0000000, 0x00000000c3e00000, 0x00000000eab00000)
  object space 63488K, 34% used [0x00000000c0000000,0x00000000c1550bc0,0x00000000c3e00000)
 Metaspace       used 42586K, capacity 43374K, committed 43520K, reserved 1087488K
  class space    used 5884K, capacity 6085K, committed 6144K, reserved 1048576K
}

Deoptimization events (10 events):
Event: 19.512 Thread 0x0000000017e6c800 Uncommon trap: reason=unstable_if action=reinterpret pc=0x0000000003c7dcd4 method=org.codehaus.groovy.runtime.metaclass.MetaMethodIndex.copyNonPrivateNonNewMetaMethods(Lorg/codehaus/groovy/runtime/metaclass/MetaMethodIndex$Entry;Lorg/codehaus/groovy/runtimü¸Zsí∞3@
Event: 19.690 Thread 0x0000000017e6c800 Uncommon trap: reason=bimorphic action=maybe_recompile pc=0x0000000003125b98 method=com.google.common.collect.AbstractMapBasedMultimap$WrappedCollection.refreshIfEmpty()V @ 40
Event: 19.690 Thread 0x0000000017e6c800 Uncommon trap: reason=bimorphic action=maybe_recompile pc=0x0000000003125b98 method=com.google.common.collect.AbstractMapBasedMultimap$WrappedCollection.refreshIfEmpty()V @ 40
Event: 19.690 Thread 0x0000000017e6c800 Uncommon trap: reason=bimorphic action=maybe_recompile pc=0x0000000003ec4acc method=com.google.common.collect.AbstractMapBasedMultimap$WrappedCollection.refreshIfEmpty()V @ 40
Event: 19.690 Thread 0x0000000017e6c800 Uncommon trap: reason=bimorphic action=maybe_recompile pc=0x0000000003125b98 method=com.google.common.collect.AbstractMapBasedMultimap$WrappedCollection.refreshIfEmpty()V @ 40
Event: 19.690 Thread 0x0000000017e6c800 Uncommon trap: reason=bimorphic action=maybe_recompile pc=0x0000000003ec4acc method=com.google.common.collect.AbstractMapBasedMultimap$WrappedCollection.refreshIfEmpty()V @ 40
Event: 19.726 Thread 0x0000000017e6c800 Uncommon trap: reason=class_check action=maybe_recompile pc=0x0000000003368980 method=java.lang.reflect.Method.equals(Ljava/lang/Object;)Z @ 5
Event: 19.784 Thread 0x0000000017e6c800 Uncommon trap: reason=class_check action=maybe_recompile pc=0x0000000003368980 method=java.lang.reflect.Method.equals(Ljava/lang/Object;)Z @ 5
Event: 19.795 Thread 0x0000000017e6c800 Uncommon trap: reason=class_check action=maybe_recompile pc=0x0000000003368980 method=java.lang.reflect.Method.equals(Ljava/lang/Object;)Z @ 5
Event: 19.795 Thread 0x0000000017e6c800 Uncommon trap: reason=class_check action=maybe_recompile pc=0x0000000003368980 method=java.lang.reflect.Method.equals(Ljava/lang/Object;)Z @ 5

Internal exceptions (10 events):
Event: 19.570 Thread 0x0000000017e6c800 Exception <a 'java/lang/ClassNotFoundException': com/android/build/gradle/internal/tasks/DeviceProviderInstrumentTestTaskCustomizer> (0x00000000eeae45a0) thrown at [C:\re\workspace\8-2-build-windows-amd64-cygwin\jdk8u101\7261\hotspot\src\share\vm\classfileµπçZí3@
Event: 19.572 Thread 0x0000000017e6c800 Exception <a 'java/lang/ClassNotFoundException': com/android/build/gradle/internal/tasks/DeviceProviderInstrumentTestTask_DecoratedCustomizer> (0x00000000eeb2b300) thrown at [C:\re\workspace\8-2-build-windows-amd64-cygwin\jdk8u101\7261\hotspot\src\share\vm¶ü!7§∂3@
Event: 19.713 Thread 0x0000000017e6c800 Exception <a 'java/lang/ClassNotFoundException': org/gradle/model/internal/core/NodeBackedModelMapBeanInfo> (0x00000000ef137b68) thrown at [C:\re\workspace\8-2-build-windows-amd64-cygwin\jdk8u101\7261\hotspot\src\share\vm\classfile\systemDictionary.cpp, li;£ûÆ¬∂3@
Event: 19.714 Thread 0x0000000017e6c800 Exception <a 'java/lang/ClassNotFoundException': org/gradle/model/internal/core/ModelMapGroovyViewBeanInfo> (0x00000000ef146ec0) thrown at [C:\re\workspace\8-2-build-windows-amd64-cygwin\jdk8u101\7261\hotspot\src\share\vm\classfile\systemDictionary.cpp, li÷B“˙·∂3@
Event: 19.714 Thread 0x0000000017e6c800 Exception <a 'java/lang/ClassNotFoundException': org/gradle/model/internal/core/ModelMapGroovyViewCustomizer> (0x00000000ef156b50) thrown at [C:\re\workspace\8-2-build-windows-amd64-cygwin\jdk8u101\7261\hotspot\src\share\vm\classfile\systemDictionary.cpp, ¯*íE∑3@
Event: 19.716 Thread 0x0000000017e6c800 Exception <a 'java/lang/ClassNotFoundException': org/gradle/model/internal/core/NodeBackedModelMapCustomizer> (0x00000000ef178fb8) thrown at [C:\re\workspace\8-2-build-windows-amd64-cygwin\jdk8u101\7261\hotspot\src\share\vm\classfile\systemDictionary.cpp, “±÷Ìˇ 3@
Event: 19.793 Thread 0x0000000017e6c800 Exception <a 'java/lang/ClassNotFoundException': org/gradle/platform/base/ComponentSpecContainer_ImplBeanInfo> (0x00000000eab8a2e8) thrown at [C:\re\workspace\8-2-build-windows-amd64-cygwin\jdk8u101\7261\hotspot\src\share\vm\classfile\systemDictionary.cpp,QQÿË4À3@
Event: 19.794 Thread 0x0000000017e6c800 Exception <a 'java/lang/ClassNotFoundException': org/gradle/platform/base/ComponentSpecContainer_ImplCustomizer> (0x00000000eaba84e0) thrown at [C:\re\workspace\8-2-build-windows-amd64-cygwin\jdk8u101\7261\hotspot\src\share\vm\classfile\systemDictionary.cpf0¬,ÃÃ3@
Event: 19.800 Thread 0x0000000017e6c800 Exception <a 'java/lang/ClassNotFoundException': org/gradle/platform/base/BinaryContainer_ImplBeanInfo> (0x00000000eac0d238) thrown at [C:\re\workspace\8-2-build-windows-amd64-cygwin\jdk8u101\7261\hotspot\src\share\vm\classfile\systemDictionary.cpp, line 2íÒ≤z˘Ã3@
Event: 19.801 Thread 0x0000000017e6c800 Exception <a 'java/lang/ClassNotFoundException': org/gradle/platform/base/BinaryContainer_ImplCustomizer> (0x00000000eac29048) thrown at [C:\re\workspace\8-2-build-windows-amd64-cygwin\jdk8u101\7261\hotspot\src\share\vm\classfile\systemDictionary.cpp, line

Events (10 events):
Event: 19.831 Thread 0x0000000016bd8000 flushing nmethod 0x0000000003a25210
Event: 19.831 Thread 0x0000000016bd8000 flushing nmethod 0x0000000003a48390
Event: 19.831 Thread 0x0000000016bd8000 flushing nmethod 0x0000000003a4d850
Event: 19.831 Thread 0x0000000016bd8000 flushing nmethod 0x0000000003a63950
Event: 19.832 loading class org/gradle/api/internal/tasks/CachingTaskDependencyResolveContext
Event: 19.832 loading class org/gradle/api/internal/tasks/CachingTaskDependencyResolveContext done
Event: 19.833 loading class org/gradle/api/internal/tasks/CachingTaskDependencyResolveContext$TaskGraphImpl
Event: 19.833 loading class org/gradle/api/internal/tasks/CachingTaskDependencyResolveContext$TaskGraphImpl done
Event: 19.834 loading class org/gradle/api/internal/file/collections/BuildDependenciesOnlyFileCollectionResolveContext
Event: 19.834 loading class org/gradle/api/internal/file/collections/BuildDependenciesOnlyFileCollectionResolveContext done


Dynamic libraries:
0x00007ff6cadf0000 - 0x00007ff6cae27000 	C:\Program Files\Java\jdk1.8.0_101\bin\java.exe
0x00007ffb75d70000 - 0x00007ffb75f1a000 	C:\Windows\SYSTEM32\ntdll.dll
0x00007ffb758a0000 - 0x00007ffb759da000 	C:\Windows\system32\KERNEL32.DLL
0x00007ffb73200000 - 0x00007ffb7330f000 	C:\Windows\system32\KERNELBASE.dll
0x00007ffb71d10000 - 0x00007ffb71d98000 	C:\Windows\system32\apphelp.dll
0x00007ffb62d30000 - 0x00007ffb62d7f000 	C:\Windows\AppPatch\AppPatch64\AcGenral.DLL
0x00007ffb75cc0000 - 0x00007ffb75d67000 	C:\Windows\system32\msvcrt.dll
0x00007ffb72f90000 - 0x00007ffb72fbb000 	C:\Windows\SYSTEM32\SspiCli.dll
0x00007ffb73b00000 - 0x00007ffb73b51000 	C:\Windows\system32\SHLWAPI.dll
0x00007ffb73690000 - 0x00007ffb73801000 	C:\Windows\system32\USER32.dll
0x00007ffb75720000 - 0x00007ffb75898000 	C:\Windows\system32\ole32.dll
0x00007ffb74150000 - 0x00007ffb75567000 	C:\Windows\system32\SHELL32.dll
0x00007ffb72770000 - 0x00007ffb7278e000 	C:\Windows\SYSTEM32\USERENV.dll
0x00007ffb73870000 - 0x00007ffb73915000 	C:\Windows\system32\ADVAPI32.dll
0x00007ffb6b7a0000 - 0x00007ffb6b7bb000 	C:\Windows\SYSTEM32\MPR.dll
0x00007ffb75a90000 - 0x00007ffb75bc6000 	C:\Windows\system32\RPCRT4.dll
0x00007ffb756c0000 - 0x00007ffb75717000 	C:\Windows\SYSTEM32\sechost.dll
0x00007ffb73d10000 - 0x00007ffb73ee6000 	C:\Windows\SYSTEM32\combase.dll
0x00007ffb75570000 - 0x00007ffb756b5000 	C:\Windows\system32\GDI32.dll
0x00007ffb730e0000 - 0x00007ffb730f4000 	C:\Windows\SYSTEM32\profapi.dll
0x00007ffb71520000 - 0x00007ffb715bf000 	C:\Windows\SYSTEM32\SHCORE.dll
0x00007ffb75c80000 - 0x00007ffb75cb4000 	C:\Windows\system32\IMM32.DLL
0x00007ffb73ef0000 - 0x00007ffb74029000 	C:\Windows\system32\MSCTF.dll
0x00007ffb70ae0000 - 0x00007ffb70d3a000 	C:\Windows\WinSxS\amd64_microsoft.windows.common-controls_6595b64144ccf1df_6.0.9600.17031_none_6242a4b3ecbb55a1\COMCTL32.dll
0x0000000057bb0000 - 0x0000000057c82000 	C:\Program Files\Java\jdk1.8.0_101\jre\bin\msvcr100.dll
0x0000000058040000 - 0x00000000588da000 	C:\Program Files\Java\jdk1.8.0_101\jre\bin\server\jvm.dll
0x00007ffb6d840000 - 0x00007ffb6d849000 	C:\Windows\SYSTEM32\WSOCK32.dll
0x00007ffb6da50000 - 0x00007ffb6da6f000 	C:\Windows\SYSTEM32\WINMM.dll
0x00007ffb6bba0000 - 0x00007ffb6bbaa000 	C:\Windows\SYSTEM32\VERSION.dll
0x00007ffb75bd0000 - 0x00007ffb75bd7000 	C:\Windows\system32\PSAPI.DLL
0x00007ffb73810000 - 0x00007ffb73868000 	C:\Windows\system32\WS2_32.dll
0x00007ffb6da20000 - 0x00007ffb6da4a000 	C:\Windows\SYSTEM32\WINMMBASE.dll
0x00007ffb75c70000 - 0x00007ffb75c79000 	C:\Windows\system32\NSI.dll
0x00007ffb735a0000 - 0x00007ffb735ea000 	C:\Windows\SYSTEM32\cfgmgr32.dll
0x00007ffb71f60000 - 0x00007ffb71f86000 	C:\Windows\SYSTEM32\DEVOBJ.dll
0x0000000058030000 - 0x000000005803f000 	C:\Program Files\Java\jdk1.8.0_101\jre\bin\verify.dll
0x0000000058000000 - 0x0000000058029000 	C:\Program Files\Java\jdk1.8.0_101\jre\bin\java.dll
0x0000000057fe0000 - 0x0000000057ff6000 	C:\Program Files\Java\jdk1.8.0_101\jre\bin\zip.dll
0x0000000057fc0000 - 0x0000000057fda000 	C:\Program Files\Java\jdk1.8.0_101\jre\bin\net.dll
0x00007ffb72a10000 - 0x00007ffb72a68000 	C:\Windows\system32\mswsock.dll
0x0000000057fa0000 - 0x0000000057fb1000 	C:\Program Files\Java\jdk1.8.0_101\jre\bin\nio.dll
0x00007ffb635c0000 - 0x00007ffb635d2000 	C:\Users\Jae Eun\.gradle\native\19\windows-amd64\native-platform.dll
0x00007ffb6e3f0000 - 0x00007ffb6e419000 	C:\Windows\SYSTEM32\IPHLPAPI.DLL
0x00007ffb6e3d0000 - 0x00007ffb6e3da000 	C:\Windows\SYSTEM32\WINNSI.DLL
0x00007ffb6ded0000 - 0x00007ffb6dee4000 	C:\Windows\SYSTEM32\dhcpcsvc6.DLL
0x00007ffb6e0b0000 - 0x00007ffb6e0c9000 	C:\Windows\SYSTEM32\dhcpcsvc.DLL
0x00007ffb72a70000 - 0x00007ffb72a8e000 	C:\Windows\SYSTEM32\CRYPTSP.dll
0x00007ffb72660000 - 0x00007ffb72695000 	C:\Windows\system32\rsaenh.dll
0x00007ffb72ca0000 - 0x00007ffb72cc6000 	C:\Windows\SYSTEM32\bcrypt.dll
0x00007ffb72fc0000 - 0x00007ffb73020000 	C:\Windows\system32\bcryptprimitives.dll
0x00007ffb73020000 - 0x00007ffb7302a000 	C:\Windows\SYSTEM32\CRYPTBASE.dll
0x0000000057da0000 - 0x0000000057dad000 	C:\Program Files\Java\jdk1.8.0_101\jre\bin\management.dll

VM Arguments:
jvm_args: -XX:MaxPermSize=256m -XX:+HeapDumpOnOutOfMemoryError -Xmx1024m -Dfile.encoding=x-windows-949 -Duser.country=KR -Duser.language=ko -Duser.variant 
java_command: org.gradle.launcher.daemon.bootstrap.GradleDaemon 2.10
java_class_path (initial): C:\Users\Jae Eun\.gradle\wrapper\dists\gradle-2.10-all\a4w5fzrkeut1ox71xslb49gst\gradle-2.10\lib\gradle-launcher-2.10.jar
Launcher Type: SUN_STANDARD

Environment Variables:
PATH=C:\ProgramData\Oracle\Java\javapath;C:\Windows\system32;C:\Windows;C:\Windows\System32\Wbem;C:\Windows\System32\WindowsPowerShell\v1.0\;C:\Program Files (x86)\GtkSharp\2.12\bin;C:\Windows\system32\config\systemprofile\.dnx\bin;C:\Program Files\Microsoft DNX\Dnvm\;C:\Program Files\Microsoft SQL Server\130\Tools\Binn\;C:\Program Files\Git\cmd%OPENCV_DIR%\x64\vc14\bin;C:\Program Files (x86)\Windows Kits\8.1\Windows Performance Toolkit\;C:\Program Files\MATLAB\R2016a\runtime\win64;C:\Program Files\MATLAB\R2016a\bin;C:\Users\Jae Eun\AppData\Local\Programs\Python\Python35-32\Scripts\;C:\Users\Jae Eun\AppData\Local\Programs\Python\Python35-32\
USERNAME=Jae Eun
OS=Windows_NT
PROCESSOR_IDENTIFIER=Intel64 Family 6 Model 69 Stepping 1, GenuineIntel



---------------  S Y S T E M  ---------------

OS: Windows 8.1 , 64 bit Build 9600 (6.3.9600.17056)

CPU:total 4 (2 cores per cpu, 2 threads per core) family 6 model 69 stepping 1, cmov, cx8, fxsr, mmx, sse, sse2, sse3, ssse3, sse4.1, sse4.2, popcnt, avx, avx2, aes, clmul, erms, lzcnt, ht, tsc, tscinvbit, bmi1, bmi2

Memory: 4k page, physical 4074928k(487764k free), swap 8908404k(6808k free)

vm_info: Java HotSpot(TM) 64-Bit Server VM (25.101-b13) for windows-amd64 JRE (1.8.0_101-b13), built on Jun 22 2016 01:21:29 by "java_re" with MS VC++ 10.0 (VS2010)

time: Sat Nov 12 16:30:30 2016
elapsed time: 19 seconds (0d 0h 0m 19s)

