#
# There is insufficient memory for the Java Runtime Environment to continue.
# Native memory allocation (malloc) failed to allocate 264016 bytes for Chunk::new
# Possible reasons:
#   The system is out of physical RAM or swap space
#   In 32 bit mode, the process size limit was hit
# Possible solutions:
#   Reduce memory load on the system
#   Increase physical memory or swap space
#   Check if swap backing store is full
#   Use 64 bit Java on a 64 bit OS
#   Decrease Java heap size (-Xmx/-Xms)
#   Decrease number of Java threads
#   Decrease Java thread stack sizes (-Xss)
#   Set larger code cache with -XX:ReservedCodeCacheSize=
# This output file may be truncated or incomplete.
#
#  Out of Memory Error (allocation.cpp:390), pid=4920, tid=0x0000000000002874
#
# JRE version: Java(TM) SE Runtime Environment (8.0_101-b13) (build 1.8.0_101-b13)
# Java VM: Java HotSpot(TM) 64-Bit Server VM (25.101-b13 mixed mode windows-amd64 compressed oops)
# Failed to write core dump. Minidumps are not enabled by default on client versions of Windows
#

---------------  T H R E A D  ---------------

Current thread (0x0000000014a7e800):  JavaThread "C2 CompilerThread1" daemon [_thread_in_native, id=10356, stack(0x0000000016550000,0x0000000016650000)]

Stack: [0x0000000016550000,0x0000000016650000]
[error occurred during error reporting (printing stack bounds), id 0xc0000005]

Native frames: (J=compiled Java code, j=interpreted, Vv=VM code, C=native code)


Current CompileTask:
C2:  19551 3521       4       java.lang.reflect.Executable::separateWithCommas (41 bytes)


---------------  P R O C E S S  ---------------

Java Threads: ( => current thread )
  0x0000000017956000 JavaThread "File lock request listener" [_thread_in_native, id=8576, stack(0x000000001c7d0000,0x000000001c8d0000)]
  0x00000000173af800 JavaThread "Stdin handler" [_thread_blocked, id=10844, stack(0x0000000018c40000,0x0000000018d40000)]
  0x000000001767b800 JavaThread "Daemon worker" [_thread_blocked, id=10728, stack(0x0000000018b40000,0x0000000018c40000)]
  0x000000001767b000 JavaThread "Cancel handler" [_thread_blocked, id=10516, stack(0x0000000018a40000,0x0000000018b40000)]
  0x0000000017686800 JavaThread "Handler for socket connection from /127.0.0.1:62338 to /127.0.0.1:62343" [_thread_in_native, id=6236, stack(0x0000000018940000,0x0000000018a40000)]
  0x0000000017685000 JavaThread "Daemon" [_thread_blocked, id=3320, stack(0x0000000018840000,0x0000000018940000)]
  0x00000000177af800 JavaThread "Incoming local TCP Connector on port 62338" [_thread_in_native, id=2396, stack(0x0000000017150000,0x0000000017250000)]
  0x00000000161d5800 JavaThread "Service Thread" daemon [_thread_blocked, id=8784, stack(0x0000000016750000,0x0000000016850000)]
  0x0000000016155000 JavaThread "C1 CompilerThread2" daemon [_thread_blocked, id=10776, stack(0x0000000016650000,0x0000000016750000)]
=>0x0000000014a7e800 JavaThread "C2 CompilerThread1" daemon [_thread_in_native, id=10356, stack(0x0000000016550000,0x0000000016650000)]
  0x0000000014a7b000 JavaThread "C2 CompilerThread0" daemon [_thread_in_native, id=8996, stack(0x0000000016050000,0x0000000016150000)]
  0x0000000014a2d800 JavaThread "Attach Listener" daemon [_thread_blocked, id=11212, stack(0x0000000015f50000,0x0000000016050000)]
  0x0000000014a2c800 JavaThread "Signal Dispatcher" daemon [_thread_blocked, id=5748, stack(0x0000000015e50000,0x0000000015f50000)]
  0x0000000014a0a000 JavaThread "Finalizer" daemon [_thread_blocked, id=9736, stack(0x0000000015c70000,0x0000000015d70000)]
  0x00000000149e9000 JavaThread "Reference Handler" daemon [_thread_blocked, id=10300, stack(0x0000000015b70000,0x0000000015c70000)]
  0x0000000002252800 JavaThread "main" [_thread_blocked, id=11072, stack(0x0000000002070000,0x0000000002170000)]

Other Threads:
  0x00000000149e6800 VMThread [stack: 0x0000000015a70000,0x0000000015b70000] [id=10376]
  0x000000001620a800 WatcherThread [stack: 0x0000000016850000,0x0000000016950000] [id=3204]

VM state:not at safepoint (normal execution)

VM Mutex/Monitor currently owned by a thread: None

Heap:
 PSYoungGen      total 69120K, used 9855K [0x00000000eab00000, 0x00000000ef600000, 0x0000000100000000)
  eden space 61440K, 3% used [0x00000000eab00000,0x00000000ead4e0a0,0x00000000ee700000)
  from space 7680K, 97% used [0x00000000eee80000,0x00000000ef5d1b60,0x00000000ef600000)
  to   space 5120K, 0% used [0x00000000ee780000,0x00000000ee780000,0x00000000eec80000)
 ParOldGen       total 40448K, used 11383K [0x00000000c0000000, 0x00000000c2780000, 0x00000000eab00000)
  object space 40448K, 28% used [0x00000000c0000000,0x00000000c0b1ddf0,0x00000000c2780000)
 Metaspace       used 30158K, capacity 30728K, committed 30848K, reserved 1075200K
  class space    used 4070K, capacity 4208K, committed 4224K, reserved 1048576K

Card table byte_map: [0x0000000011710000,0x0000000011920000] byte_map_base: 0x0000000011110000

Marking Bits: (ParMarkBitMap*) 0x000000005885a6d0
 Begin Bits: [0x0000000011e80000, 0x0000000012e80000)
 End Bits:   [0x0000000012e80000, 0x0000000013e80000)

Polling page: 0x0000000000550000

CodeCache: size=245760Kb used=13024Kb max_used=13024Kb free=232735Kb
 bounds [0x0000000002350000, 0x0000000003020000, 0x0000000011350000]
 total_blobs=3994 nmethods=3345 adapters=561
 compilation: enabled

Compilation events (10 events):
Event: 19.478 Thread 0x0000000016155000 3519       1       org.gradle.model.internal.manage.schema.extract.ModelPropertyExtractionResult::getSetter (5 bytes)
Event: 19.478 Thread 0x0000000016155000 nmethod 3519 0x000000000300b390 code [0x000000000300b4e0, 0x000000000300b5f0]
Event: 19.533 Thread 0x0000000016155000 3520       3       java.io.FileInputStream::finalize (22 bytes)
Event: 19.533 Thread 0x0000000016155000 nmethod 3520 0x000000000300b650 code [0x000000000300b7c0, 0x000000000300b9e8]
Event: 19.534 Thread 0x0000000014a7e800 3521       4       java.lang.reflect.Executable::separateWithCommas (41 bytes)
Event: 19.536 Thread 0x0000000016155000 3524       3       com.google.common.collect.ImmutableMultimap$Builder::build (176 bytes)
Event: 19.541 Thread 0x0000000016155000 nmethod 3524 0x000000000300ba90 code [0x000000000300bec0, 0x000000000300e838]
Event: 19.541 Thread 0x0000000016155000 3525       3       com.google.common.collect.Multimaps::index (52 bytes)
Event: 19.543 Thread 0x0000000016155000 nmethod 3525 0x000000000300fbd0 code [0x000000000300fea0, 0x00000000030113b8]
Event: 19.545 Thread 0x0000000016155000 3526       3       com.google.common.collect.Maps::newLinkedHashMap (8 bytes)

GC Heap History (10 events):
Event: 10.344 GC heap before
{Heap before GC invocations=7 (full 0):
 PSYoungGen      total 39936K, used 37331K [0x00000000eab00000, 0x00000000ed900000, 0x0000000100000000)
  eden space 32768K, 98% used [0x00000000eab00000,0x00000000eca62a28,0x00000000ecb00000)
  from space 7168K, 72% used [0x00000000ed200000,0x00000000ed712240,0x00000000ed900000)
  to   space 7168K, 0% used [0x00000000ecb00000,0x00000000ecb00000,0x00000000ed200000)
 ParOldGen       total 44032K, used 8103K [0x00000000c0000000, 0x00000000c2b00000, 0x00000000eab00000)
  object space 44032K, 18% used [0x00000000c0000000,0x00000000c07e9d50,0x00000000c2b00000)
 Metaspace       used 20909K, capacity 21212K, committed 21296K, reserved 1067008K
  class space    used 2810K, capacity 2914K, committed 2944K, reserved 1048576K
Event: 10.390 GC heap after
Heap after GC invocations=7 (full 0):
 PSYoungGen      total 39936K, used 6280K [0x00000000eab00000, 0x00000000efa00000, 0x0000000100000000)
  eden space 32768K, 0% used [0x00000000eab00000,0x00000000eab00000,0x00000000ecb00000)
  from space 7168K, 87% used [0x00000000ecb00000,0x00000000ed122050,0x00000000ed200000)
  to   space 7680K, 0% used [0x00000000ef280000,0x00000000ef280000,0x00000000efa00000)
 ParOldGen       total 44032K, used 9018K [0x00000000c0000000, 0x00000000c2b00000, 0x00000000eab00000)
  object space 44032K, 20% used [0x00000000c0000000,0x00000000c08ce9b0,0x00000000c2b00000)
 Metaspace       used 20909K, capacity 21212K, committed 21296K, reserved 1067008K
  class space    used 2810K, capacity 2914K, committed 2944K, reserved 1048576K
}
Event: 10.390 GC heap before
{Heap before GC invocations=8 (full 1):
 PSYoungGen      total 39936K, used 6280K [0x00000000eab00000, 0x00000000efa00000, 0x0000000100000000)
  eden space 32768K, 0% used [0x00000000eab00000,0x00000000eab00000,0x00000000ecb00000)
  from space 7168K, 87% used [0x00000000ecb00000,0x00000000ed122050,0x00000000ed200000)
  to   space 7680K, 0% used [0x00000000ef280000,0x00000000ef280000,0x00000000efa00000)
 ParOldGen       total 44032K, used 9018K [0x00000000c0000000, 0x00000000c2b00000, 0x00000000eab00000)
  object space 44032K, 20% used [0x00000000c0000000,0x00000000c08ce9b0,0x00000000c2b00000)
 Metaspace       used 20909K, capacity 21212K, committed 21296K, reserved 1067008K
  class space    used 2810K, capacity 2914K, committed 2944K, reserved 1048576K
Event: 10.604 GC heap after
Heap after GC invocations=8 (full 1):
 PSYoungGen      total 39936K, used 0K [0x00000000eab00000, 0x00000000efa00000, 0x0000000100000000)
  eden space 32768K, 0% used [0x00000000eab00000,0x00000000eab00000,0x00000000ecb00000)
  from space 7168K, 0% used [0x00000000ecb00000,0x00000000ecb00000,0x00000000ed200000)
  to   space 7680K, 0% used [0x00000000ef280000,0x00000000ef280000,0x00000000efa00000)
 ParOldGen       total 40448K, used 11359K [0x00000000c0000000, 0x00000000c2780000, 0x00000000eab00000)
  object space 40448K, 28% used [0x00000000c0000000,0x00000000c0b17df0,0x00000000c2780000)
 Metaspace       used 20909K, capacity 21212K, committed 21296K, reserved 1067008K
  class space    used 2810K, capacity 2914K, committed 2944K, reserved 1048576K
}
Event: 12.640 GC heap before
{Heap before GC invocations=9 (full 1):
 PSYoungGen      total 39936K, used 32768K [0x00000000eab00000, 0x00000000efa00000, 0x0000000100000000)
  eden space 32768K, 100% used [0x00000000eab00000,0x00000000ecb00000,0x00000000ecb00000)
  from space 7168K, 0% used [0x00000000ecb00000,0x00000000ecb00000,0x00000000ed200000)
  to   space 7680K, 0% used [0x00000000ef280000,0x00000000ef280000,0x00000000efa00000)
 ParOldGen       total 40448K, used 11359K [0x00000000c0000000, 0x00000000c2780000, 0x00000000eab00000)
  object space 40448K, 28% used [0x00000000c0000000,0x00000000c0b17df0,0x00000000c2780000)
 Metaspace       used 23229K, capacity 23678K, committed 23936K, reserved 1069056K
  class space    used 3205K, capacity 3349K, committed 3456K, reserved 1048576K
Event: 12.684 GC heap after
Heap after GC invocations=9 (full 1):
 PSYoungGen      total 52736K, used 3601K [0x00000000eab00000, 0x00000000ef680000, 0x0000000100000000)
  eden space 48640K, 0% used [0x00000000eab00000,0x00000000eab00000,0x00000000eda80000)
  from space 4096K, 87% used [0x00000000ef280000,0x00000000ef6047a0,0x00000000ef680000)
  to   space 7680K, 0% used [0x00000000ee780000,0x00000000ee780000,0x00000000eef00000)
 ParOldGen       total 40448K, used 11367K [0x00000000c0000000, 0x00000000c2780000, 0x00000000eab00000)
  object space 40448K, 28% used [0x00000000c0000000,0x00000000c0b19df0,0x00000000c2780000)
 Metaspace       used 23229K, capacity 23678K, committed 23936K, reserved 1069056K
  class space    used 3205K, capacity 3349K, committed 3456K, reserved 1048576K
}
Event: 16.256 GC heap before
{Heap before GC invocations=10 (full 1):
 PSYoungGen      total 52736K, used 52241K [0x00000000eab00000, 0x00000000ef680000, 0x0000000100000000)
  eden space 48640K, 100% used [0x00000000eab00000,0x00000000eda80000,0x00000000eda80000)
  from space 4096K, 87% used [0x00000000ef280000,0x00000000ef6047a0,0x00000000ef680000)
  to   space 7680K, 0% used [0x00000000ee780000,0x00000000ee780000,0x00000000eef00000)
 ParOldGen       total 40448K, used 11367K [0x00000000c0000000, 0x00000000c2780000, 0x00000000eab00000)
  object space 40448K, 28% used [0x00000000c0000000,0x00000000c0b19df0,0x00000000c2780000)
 Metaspace       used 26816K, capacity 27248K, committed 27392K, reserved 1073152K
  class space    used 3635K, capacity 3768K, committed 3840K, reserved 1048576K
Event: 16.275 GC heap after
Heap after GC invocations=10 (full 1):
 PSYoungGen      total 66560K, used 4909K [0x00000000eab00000, 0x00000000ef600000, 0x0000000100000000)
  eden space 61440K, 0% used [0x00000000eab00000,0x00000000eab00000,0x00000000ee700000)
  from space 5120K, 95% used [0x00000000ee780000,0x00000000eec4b5c8,0x00000000eec80000)
  to   space 7680K, 0% used [0x00000000eee80000,0x00000000eee80000,0x00000000ef600000)
 ParOldGen       total 40448K, used 11375K [0x00000000c0000000, 0x00000000c2780000, 0x00000000eab00000)
  object space 40448K, 28% used [0x00000000c0000000,0x00000000c0b1bdf0,0x00000000c2780000)
 Metaspace       used 26816K, capacity 27248K, committed 27392K, reserved 1073152K
  class space    used 3635K, capacity 3768K, committed 3840K, reserved 1048576K
}
Event: 19.506 GC heap before
{Heap before GC invocations=11 (full 1):
 PSYoungGen      total 66560K, used 66349K [0x00000000eab00000, 0x00000000ef600000, 0x0000000100000000)
  eden space 61440K, 100% used [0x00000000eab00000,0x00000000ee700000,0x00000000ee700000)
  from space 5120K, 95% used [0x00000000ee780000,0x00000000eec4b5c8,0x00000000eec80000)
  to   space 7680K, 0% used [0x00000000eee80000,0x00000000eee80000,0x00000000ef600000)
 ParOldGen       total 40448K, used 11375K [0x00000000c0000000, 0x00000000c2780000, 0x00000000eab00000)
  object space 40448K, 28% used [0x00000000c0000000,0x00000000c0b1bdf0,0x00000000c2780000)
 Metaspace       used 30153K, capacity 30664K, committed 30848K, reserved 1075200K
  class space    used 4070K, capacity 4208K, committed 4224K, reserved 1048576K
Event: 19.530 GC heap after
Heap after GC invocations=11 (full 1):
 PSYoungGen      total 69120K, used 7494K [0x00000000eab00000, 0x00000000ef600000, 0x0000000100000000)
  eden space 61440K, 0% used [0x00000000eab00000,0x00000000eab00000,0x00000000ee700000)
  from space 7680K, 97% used [0x00000000eee80000,0x00000000ef5d1b60,0x00000000ef600000)
  to   space 5120K, 0% used [0x00000000ee780000,0x00000000ee780000,0x00000000eec80000)
 ParOldGen       total 40448K, used 11383K [0x00000000c0000000, 0x00000000c2780000, 0x00000000eab00000)
  object space 40448K, 28% used [0x00000000c0000000,0x00000000c0b1ddf0,0x00000000c2780000)
 Metaspace       used 30153K, capacity 30664K, committed 30848K, reserved 1075200K
  class space    used 4070K, capacity 4208K, committed 4224K, reserved 1048576K
}

Deoptimization events (10 events):
Event: 18.091 Thread 0x000000001767b800 Uncommon trap: reason=unstable_if action=reinterpret pc=0x0000000002d73544 method=java.util.HashMap.removeNode(ILjava/lang/Object;Ljava/lang/Object;ZZ)Ljava/util/HashMap$Node; @ 173
Event: 18.091 Thread 0x000000001767b800 Uncommon trap: reason=unstable_if action=reinterpret pc=0x0000000002d7602c method=java.util.HashMap.removeNode(ILjava/lang/Object;Ljava/lang/Object;ZZ)Ljava/util/HashMap$Node; @ 173
Event: 18.093 Thread 0x000000001767b800 Uncommon trap: reason=bimorphic action=maybe_recompile pc=0x0000000002aaab08 method=java.lang.ClassLoader.getPackage(Ljava/lang/String;)Ljava/lang/Package; @ 47
Event: 18.101 Thread 0x000000001767b800 Uncommon trap: reason=bimorphic action=maybe_recompile pc=0x0000000002aaab08 method=java.lang.ClassLoader.getPackage(Ljava/lang/String;)Ljava/lang/Package; @ 47
Event: 18.109 Thread 0x000000001767b800 Uncommon trap: reason=bimorphic action=maybe_recompile pc=0x0000000002aaab08 method=java.lang.ClassLoader.getPackage(Ljava/lang/String;)Ljava/lang/Package; @ 47
Event: 18.111 Thread 0x000000001767b800 Uncommon trap: reason=bimorphic action=maybe_recompile pc=0x0000000002aaab08 method=java.lang.ClassLoader.getPackage(Ljava/lang/String;)Ljava/lang/Package; @ 47
Event: 18.112 Thread 0x000000001767b800 Uncommon trap: reason=bimorphic action=maybe_recompile pc=0x0000000002a8d00c method=java.lang.ClassLoader.getPackage(Ljava/lang/String;)Ljava/lang/Package; @ 47
Event: 18.595 Thread 0x000000001767b800 Uncommon trap: reason=unstable_if action=reinterpret pc=0x0000000002b73e30 method=java.util.Properties$LineReader.readLine()I @ 37
Event: 18.596 Thread 0x000000001767b800 Uncommon trap: reason=unstable_if action=reinterpret pc=0x00000000028388a0 method=java.util.Properties$LineReader.readLine()I @ 105
Event: 18.891 Thread 0x000000001767b800 Uncommon trap: reason=unstable_if action=reinterpret pc=0x0000000002b6c6c8 method=org.objectweb.asm.ByteVector.putShort(I)Lorg/objectweb/asm/ByteVector; @ 13

Internal exceptions (10 events):
Event: 18.280 Thread 0x000000001767b800 Exception <a 'java/lang/ClassNotFoundException': com/android/build/gradle/AppPluginCustomizer> (0x00000000ed022810) thrown at [C:\re\workspace\8-2-build-windows-amd64-cygwin\jdk8u101\7261\hotspot\src\share\vm\classfile\systemDictionary.cpp, line 210]
Event: 18.292 Thread 0x000000001767b800 Exception <a 'java/lang/ClassNotFoundException': org/gradle/api/internal/ExtensibleDynamicObject$1BeanInfo> (0x00000000ed0a5920) thrown at [C:\re\workspace\8-2-build-windows-amd64-cygwin\jdk8u101\7261\hotspot\src\share\vm\classfile\systemDictionary.cpp, liM¢ÀK2@
Event: 18.296 Thread 0x000000001767b800 Exception <a 'java/lang/ClassNotFoundException': org/gradle/api/internal/AbstractDynamicObjectBeanInfo> (0x00000000ed0ca550) thrown at [C:\re\workspace\8-2-build-windows-amd64-cygwin\jdk8u101\7261\hotspot\src\share\vm\classfile\systemDictionary.cpp, line 2÷È4≤L2@
Event: 18.297 Thread 0x000000001767b800 Exception <a 'java/lang/ClassNotFoundException': org/gradle/api/internal/AbstractDynamicObjectCustomizer> (0x00000000ed0efa08) thrown at [C:\re\workspace\8-2-build-windows-amd64-cygwin\jdk8u101\7261\hotspot\src\share\vm\classfile\systemDictionary.cpp, lineî+ïÙçL2@
Event: 18.299 Thread 0x000000001767b800 Exception <a 'java/lang/ClassNotFoundException': org/gradle/api/internal/ExtensibleDynamicObject$1Customizer> (0x00000000ed11f2f8) thrown at [C:\re\workspace\8-2-build-windows-amd64-cygwin\jdk8u101\7261\hotspot\src\share\vm\classfile\systemDictionary.cpp, µÙU©M2@
Event: 18.303 Thread 0x000000001767b800 Exception <a 'java/lang/ClassNotFoundException': org/gradle/api/internal/DynamicObjectBeanInfo> (0x00000000ed15d4b0) thrown at [C:\re\workspace\8-2-build-windows-amd64-cygwin\jdk8u101\7261\hotspot\src\share\vm\classfile\systemDictionary.cpp, line 210]
Event: 18.306 Thread 0x000000001767b800 Exception <a 'java/lang/ClassNotFoundException': org/gradle/api/internal/DynamicObjectCustomizer> (0x00000000ed17f358) thrown at [C:\re\workspace\8-2-build-windows-amd64-cygwin\jdk8u101\7261\hotspot\src\share\vm\classfile\systemDictionary.cpp, line 210]
Event: 18.596 Thread 0x000000001767b800 Implicit null exception at 0x0000000002837f95 to 0x0000000002838841
Event: 18.708 Thread 0x000000001767b800 Exception <a 'java/lang/ClassNotFoundException': org/gradle/api/plugins/BasePluginConventionBeanInfo> (0x00000000edae5260) thrown at [C:\re\workspace\8-2-build-windows-amd64-cygwin\jdk8u101\7261\hotspot\src\share\vm\classfile\systemDictionary.cpp, line 210¢}cîµ2@
Event: 18.709 Thread 0x000000001767b800 Exception <a 'java/lang/ClassNotFoundException': org/gradle/api/plugins/BasePluginConventionCustomizer> (0x00000000edb16b20) thrown at [C:\re\workspace\8-2-build-windows-amd64-cygwin\jdk8u101\7261\hotspot\src\share\vm\classfile\systemDictionary.cpp, line 2·ï

Events (10 events):
Event: 19.501 loading class org/apache/tools/ant/BuildEvent
Event: 19.501 loading class org/apache/tools/ant/BuildEvent done
Event: 19.502 loading class org/apache/tools/ant/Executor
Event: 19.502 loading class org/apache/tools/ant/Executor done
Event: 19.506 Executing VM operation: ParallelGCFailedAllocation
Event: 19.530 Executing VM operation: ParallelGCFailedAllocation done
Event: 19.531 Executing VM operation: RevokeBias
Event: 19.531 Executing VM operation: RevokeBias done
Event: 19.531 Executing VM operation: RevokeBias
Event: 19.533 Executing VM operation: RevokeBias done


Dynamic libraries:
0x00007ff6d1fe0000 - 0x00007ff6d2017000 	C:\Program Files\Java\jdk1.8.0_101\bin\java.exe
0x00007ffb75d70000 - 0x00007ffb75f1a000 	C:\Windows\SYSTEM32\ntdll.dll
0x00007ffb758a0000 - 0x00007ffb759da000 	C:\Windows\system32\KERNEL32.DLL
0x00007ffb73200000 - 0x00007ffb7330f000 	C:\Windows\system32\KERNELBASE.dll
0x00007ffb71d10000 - 0x00007ffb71d98000 	C:\Windows\system32\apphelp.dll
0x00007ffb62d30000 - 0x00007ffb62d7f000 	C:\Windows\AppPatch\AppPatch64\AcGenral.DLL
0x00007ffb75cc0000 - 0x00007ffb75d67000 	C:\Windows\system32\msvcrt.dll
0x00007ffb72f90000 - 0x00007ffb72fbb000 	C:\Windows\SYSTEM32\SspiCli.dll
0x00007ffb73b00000 - 0x00007ffb73b51000 	C:\Windows\system32\SHLWAPI.dll
0x00007ffb73690000 - 0x00007ffb73801000 	C:\Windows\system32\USER32.dll
0x00007ffb75720000 - 0x00007ffb75898000 	C:\Windows\system32\ole32.dll
0x00007ffb74150000 - 0x00007ffb75567000 	C:\Windows\system32\SHELL32.dll
0x00007ffb72770000 - 0x00007ffb7278e000 	C:\Windows\SYSTEM32\USERENV.dll
0x00007ffb73870000 - 0x00007ffb73915000 	C:\Windows\system32\ADVAPI32.dll
0x00007ffb6b7a0000 - 0x00007ffb6b7bb000 	C:\Windows\SYSTEM32\MPR.dll
0x00007ffb75a90000 - 0x00007ffb75bc6000 	C:\Windows\system32\RPCRT4.dll
0x00007ffb756c0000 - 0x00007ffb75717000 	C:\Windows\SYSTEM32\sechost.dll
0x00007ffb73d10000 - 0x00007ffb73ee6000 	C:\Windows\SYSTEM32\combase.dll
0x00007ffb75570000 - 0x00007ffb756b5000 	C:\Windows\system32\GDI32.dll
0x00007ffb730e0000 - 0x00007ffb730f4000 	C:\Windows\SYSTEM32\profapi.dll
0x00007ffb71520000 - 0x00007ffb715bf000 	C:\Windows\SYSTEM32\SHCORE.dll
0x00007ffb75c80000 - 0x00007ffb75cb4000 	C:\Windows\system32\IMM32.DLL
0x00007ffb73ef0000 - 0x00007ffb74029000 	C:\Windows\system32\MSCTF.dll
0x00007ffb70ae0000 - 0x00007ffb70d3a000 	C:\Windows\WinSxS\amd64_microsoft.windows.common-controls_6595b64144ccf1df_6.0.9600.17031_none_6242a4b3ecbb55a1\COMCTL32.dll
0x0000000057bb0000 - 0x0000000057c82000 	C:\Program Files\Java\jdk1.8.0_101\jre\bin\msvcr100.dll
0x0000000058040000 - 0x00000000588da000 	C:\Program Files\Java\jdk1.8.0_101\jre\bin\server\jvm.dll
0x00007ffb6d840000 - 0x00007ffb6d849000 	C:\Windows\SYSTEM32\WSOCK32.dll
0x00007ffb6da50000 - 0x00007ffb6da6f000 	C:\Windows\SYSTEM32\WINMM.dll
0x00007ffb6bba0000 - 0x00007ffb6bbaa000 	C:\Windows\SYSTEM32\VERSION.dll
0x00007ffb75bd0000 - 0x00007ffb75bd7000 	C:\Windows\system32\PSAPI.DLL
0x00007ffb73810000 - 0x00007ffb73868000 	C:\Windows\system32\WS2_32.dll
0x00007ffb6da20000 - 0x00007ffb6da4a000 	C:\Windows\SYSTEM32\WINMMBASE.dll
0x00007ffb75c70000 - 0x00007ffb75c79000 	C:\Windows\system32\NSI.dll
0x00007ffb735a0000 - 0x00007ffb735ea000 	C:\Windows\SYSTEM32\cfgmgr32.dll
0x00007ffb71f60000 - 0x00007ffb71f86000 	C:\Windows\SYSTEM32\DEVOBJ.dll
0x0000000058030000 - 0x000000005803f000 	C:\Program Files\Java\jdk1.8.0_101\jre\bin\verify.dll
0x0000000058000000 - 0x0000000058029000 	C:\Program Files\Java\jdk1.8.0_101\jre\bin\java.dll
0x0000000057fe0000 - 0x0000000057ff6000 	C:\Program Files\Java\jdk1.8.0_101\jre\bin\zip.dll
0x0000000057fc0000 - 0x0000000057fda000 	C:\Program Files\Java\jdk1.8.0_101\jre\bin\net.dll
0x00007ffb72a10000 - 0x00007ffb72a68000 	C:\Windows\system32\mswsock.dll
0x0000000057fa0000 - 0x0000000057fb1000 	C:\Program Files\Java\jdk1.8.0_101\jre\bin\nio.dll
0x00007ffb635e0000 - 0x00007ffb635f2000 	C:\Users\Jae Eun\.gradle\native\19\windows-amd64\native-platform.dll
0x00007ffb6e3f0000 - 0x00007ffb6e419000 	C:\Windows\SYSTEM32\IPHLPAPI.DLL
0x00007ffb6e3d0000 - 0x00007ffb6e3da000 	C:\Windows\SYSTEM32\WINNSI.DLL
0x00007ffb6ded0000 - 0x00007ffb6dee4000 	C:\Windows\SYSTEM32\dhcpcsvc6.DLL
0x00007ffb6e0b0000 - 0x00007ffb6e0c9000 	C:\Windows\SYSTEM32\dhcpcsvc.DLL
0x00007ffb72a70000 - 0x00007ffb72a8e000 	C:\Windows\SYSTEM32\CRYPTSP.dll
0x00007ffb72660000 - 0x00007ffb72695000 	C:\Windows\system32\rsaenh.dll
0x00007ffb72ca0000 - 0x00007ffb72cc6000 	C:\Windows\SYSTEM32\bcrypt.dll
0x00007ffb72fc0000 - 0x00007ffb73020000 	C:\Windows\system32\bcryptprimitives.dll
0x00007ffb73020000 - 0x00007ffb7302a000 	C:\Windows\SYSTEM32\CRYPTBASE.dll
0x0000000057da0000 - 0x0000000057dad000 	C:\Program Files\Java\jdk1.8.0_101\jre\bin\management.dll

VM Arguments:
jvm_args: -XX:MaxPermSize=256m -XX:+HeapDumpOnOutOfMemoryError -Xmx1024m -Dfile.encoding=x-windows-949 -Duser.country=KR -Duser.language=ko -Duser.variant 
java_command: org.gradle.launcher.daemon.bootstrap.GradleDaemon 2.10
java_class_path (initial): C:\Users\Jae Eun\.gradle\wrapper\dists\gradle-2.10-all\a4w5fzrkeut1ox71xslb49gst\gradle-2.10\lib\gradle-launcher-2.10.jar
Launcher Type: SUN_STANDARD

Environment Variables:
PATH=C:\ProgramData\Oracle\Java\javapath;C:\Windows\system32;C:\Windows;C:\Windows\System32\Wbem;C:\Windows\System32\WindowsPowerShell\v1.0\;C:\Program Files (x86)\GtkSharp\2.12\bin;C:\Windows\system32\config\systemprofile\.dnx\bin;C:\Program Files\Microsoft DNX\Dnvm\;C:\Program Files\Microsoft SQL Server\130\Tools\Binn\;C:\Program Files\Git\cmd%OPENCV_DIR%\x64\vc14\bin;C:\Program Files (x86)\Windows Kits\8.1\Windows Performance Toolkit\;C:\Program Files\MATLAB\R2016a\runtime\win64;C:\Program Files\MATLAB\R2016a\bin;C:\Users\Jae Eun\AppData\Local\Programs\Python\Python35-32\Scripts\;C:\Users\Jae Eun\AppData\Local\Programs\Python\Python35-32\
USERNAME=Jae Eun
OS=Windows_NT
PROCESSOR_IDENTIFIER=Intel64 Family 6 Model 69 Stepping 1, GenuineIntel



---------------  S Y S T E M  ---------------

OS: Windows 8.1 , 64 bit Build 9600 (6.3.9600.17056)

CPU:total 4 (2 cores per cpu, 2 threads per core) family 6 model 69 stepping 1, cmov, cx8, fxsr, mmx, sse, sse2, sse3, ssse3, sse4.1, sse4.2, popcnt, avx, avx2, aes, clmul, erms, lzcnt, ht, tsc, tscinvbit, bmi1, bmi2

Memory: 4k page, physical 4074928k(149048k free), swap 8944584k(5176k free)

vm_info: Java HotSpot(TM) 64-Bit Server VM (25.101-b13) for windows-amd64 JRE (1.8.0_101-b13), built on Jun 22 2016 01:21:29 by "java_re" with MS VC++ 10.0 (VS2010)

time: Sat Nov 12 16:36:14 2016
elapsed time: 19 seconds (0d 0h 0m 19s)

